<?xml version="1.0" encoding="UTF-8"?>
<!-- Generated by org.testng.reporters.JUnitXMLReporter -->
<testsuite ignored="0" hostname="SatishPC" failures="0" tests="3" name="Default test" time="45.241" errors="0" timestamp="2024-05-27T12:13:58 IST">
  <testcase classname="working_TestNG.Example_DataProvider" name="testCase" time="15.685"/>
  <testcase classname="working_TestNG.Example_DataProvider" name="testCase" time="14.037"/>
  <testcase classname="working_TestNG.Example_DataProvider" name="testCase" time="15.433"/>
</testsuite> <!-- Default test -->
