<?xml version="1.0" encoding="UTF-8"?>
<testng-results ignored="0" total="3" passed="3" failed="0" skipped="0">
  <reporter-output>
  </reporter-output>
  <suite started-at="2024-05-27T12:13:12 IST" name="Default suite" finished-at="2024-05-27T12:13:58 IST" duration-ms="45241">
    <groups>
    </groups>
    <test started-at="2024-05-27T12:13:12 IST" name="Default test" finished-at="2024-05-27T12:13:58 IST" duration-ms="45241">
      <class name="working_TestNG.Example_DataProvider">
        <test-method signature="testCase(java.lang.String,java.lang.String)[pri:0, instance:working_TestNG.Example_DataProvider@411f53a0]" started-at="2024-05-27T12:13:12 IST" name="testCase" data-provider="dataSupply" finished-at="2024-05-27T12:13:28 IST" duration-ms="15685" status="PASS">
          <params>
            <param index="0">
              <value>
                <![CDATA[Admin1@gmail.com]]>
              </value>
            </param>
            <param index="1">
              <value>
                <![CDATA[Admin@1]]>
              </value>
            </param>
          </params>
          <reporter-output>
          </reporter-output>
        </test-method> <!-- testCase -->
        <test-method signature="testCase(java.lang.String,java.lang.String)[pri:0, instance:working_TestNG.Example_DataProvider@411f53a0]" started-at="2024-05-27T12:13:28 IST" name="testCase" data-provider="dataSupply" finished-at="2024-05-27T12:13:42 IST" duration-ms="14037" status="PASS">
          <params>
            <param index="0">
              <value>
                <![CDATA[Admin2@gmail.com]]>
              </value>
            </param>
            <param index="1">
              <value>
                <![CDATA[Admin@2]]>
              </value>
            </param>
          </params>
          <reporter-output>
          </reporter-output>
        </test-method> <!-- testCase -->
        <test-method signature="testCase(java.lang.String,java.lang.String)[pri:0, instance:working_TestNG.Example_DataProvider@411f53a0]" started-at="2024-05-27T12:13:42 IST" name="testCase" data-provider="dataSupply" finished-at="2024-05-27T12:13:58 IST" duration-ms="15433" status="PASS">
          <params>
            <param index="0">
              <value>
                <![CDATA[Admin3@gmail.com]]>
              </value>
            </param>
            <param index="1">
              <value>
                <![CDATA[Admin@3]]>
              </value>
            </param>
          </params>
          <reporter-output>
          </reporter-output>
        </test-method> <!-- testCase -->
      </class> <!-- working_TestNG.Example_DataProvider -->
    </test> <!-- Default test -->
  </suite> <!-- Default suite -->
</testng-results>
